#
# There is insufficient memory for the Java Runtime Environment to continue.
# Native memory allocation (mmap) failed to map 4194304 bytes for G1 virtual space
# Possible reasons:
#   The system is out of physical RAM or swap space
#   The process is running with CompressedOops enabled, and the Java Heap may be blocking the growth of the native heap
# Possible solutions:
#   Reduce memory load on the system
#   Increase physical memory or swap space
#   Check if swap backing store is full
#   Decrease Java heap size (-Xmx/-Xms)
#   Decrease number of Java threads
#   Decrease Java thread stack sizes (-Xss)
#   Set larger code cache with -XX:ReservedCodeCacheSize=
#   JVM is running with Zero Based Compressed Oops mode in which the Java heap is
#     placed in the first 32GB address space. The Java Heap base address is the
#     maximum limit for the native heap growth. Please use -XX:HeapBaseMinAddress
#     to set the Java Heap base and to place the Java Heap above 32GB virtual address.
# This output file may be truncated or incomplete.
#
#  Out of Memory Error (os_windows.cpp:3541), pid=17964, tid=25032
#
# JRE version:  (17.0.4.1+1) (build )
# Java VM: OpenJDK 64-Bit Server VM (17.0.4.1+1, mixed mode, sharing, tiered, compressed oops, compressed class ptrs, g1 gc, windows-amd64)
# No core dump will be written. Minidumps are not enabled by default on client versions of Windows
#

---------------  S U M M A R Y ------------

Command Line: -Dfile.encoding=UTF-8 -XX:+ShowCodeDetailsInExceptionMessages ReceptionCostumer

Host: Intel(R) Core(TM) i7-5600U CPU @ 2.60GHz, 4 cores, 15G,  Windows 10 , 64 bit Build 19041 (10.0.19041.2364)
Time: Thu Dec 22 11:33:28 2022 Morocco Daylight Time elapsed time: 0.016662 seconds (0d 0h 0m 0s)

---------------  T H R E A D  ---------------

Current thread (0x0000029305360140):  JavaThread "Unknown thread" [_thread_in_vm, id=25032, stack(0x000000c874600000,0x000000c874700000)]

Stack: [0x000000c874600000,0x000000c874700000]
Native frames: (J=compiled Java code, j=interpreted, Vv=VM code, C=native code)
V  [jvm.dll+0x67731a]
V  [jvm.dll+0x832284]
V  [jvm.dll+0x833a2e]
V  [jvm.dll+0x834093]
V  [jvm.dll+0x245775]
V  [jvm.dll+0x674209]
V  [jvm.dll+0x668a92]
V  [jvm.dll+0x30471b]
V  [jvm.dll+0x30bc66]
V  [jvm.dll+0x35bac8]
V  [jvm.dll+0x35bccf]
V  [jvm.dll+0x2db5b8]
V  [jvm.dll+0x2dc524]
V  [jvm.dll+0x803db1]
V  [jvm.dll+0x3698f1]
V  [jvm.dll+0x7e31bc]
V  [jvm.dll+0x3ec25f]
V  [jvm.dll+0x3edde1]
C  [jli.dll+0x5277]
C  [ucrtbase.dll+0x21bb2]
C  [KERNEL32.DLL+0x17614]
C  [ntdll.dll+0x526a1]


---------------  P R O C E S S  ---------------

Threads class SMR info:
_java_thread_list=0x00007ff990374e98, length=0, elements={
}

Java Threads: ( => current thread )

Other Threads:
  0x00000293053cbe10 GCTaskThread "GC Thread#0" [stack: 0x000000c874700000,0x000000c874800000] [id=12048]
  0x00000293053dd300 ConcurrentGCThread "G1 Main Marker" [stack: 0x000000c874800000,0x000000c874900000] [id=25820]
  0x00000293053ded20 ConcurrentGCThread "G1 Conc#0" [stack: 0x000000c874900000,0x000000c874a00000] [id=25876]

[error occurred during error reporting (printing all threads), id 0xc0000005, EXCEPTION_ACCESS_VIOLATION (0xc0000005) at pc=0x00007ff98fb4c047]

VM state: not at safepoint (not fully initialized)

VM Mutex/Monitor currently owned by a thread:  ([mutex/lock_event])
[0x000002930535b600] Heap_lock - owner thread: 0x0000029305360140

Heap address: 0x0000000701e00000, size: 4066 MB, Compressed Oops mode: Zero based, Oop shift amount: 3

CDS archive(s) mapped at: [0x0000000000000000-0x0000000000000000-0x0000000000000000), size 0, SharedBaseAddress: 0x0000000800000000, ArchiveRelocationMode: 0.
Narrow klass base: 0x0000000000000000, Narrow klass shift: 0, Narrow klass range: 0x0

GC Precious Log:
<Empty>

Heap:
 garbage-first heap   total 0K, used 0K [0x0000000701e00000, 0x0000000800000000)
  region size 2048K, 0 young (0K), 0 survivors (0K)

[error occurred during error reporting (printing heap information), id 0xc0000005, EXCEPTION_ACCESS_VIOLATION (0xc0000005) at pc=0x00007ff98ff30699]

GC Heap History (0 events):
No events

Deoptimization events (0 events):
No events

Classes unloaded (0 events):
No events

Classes redefined (0 events):
No events

Internal exceptions (0 events):
No events

VM Operations (0 events):
No events

Events (1 events):
Event: 0.010 Loaded shared library C:\Users\hp\.p2\pool\plugins\org.eclipse.justj.openjdk.hotspot.jre.full.win32.x86_64_17.0.4.v20221004-1257\jre\bin\java.dll


Dynamic libraries:
0x00007ff635e20000 - 0x00007ff635e2e000 	C:\Users\hp\.p2\pool\plugins\org.eclipse.justj.openjdk.hotspot.jre.full.win32.x86_64_17.0.4.v20221004-1257\jre\bin\javaw.exe
0x00007ffa1ea10000 - 0x00007ffa1ec08000 	C:\WINDOWS\SYSTEM32\ntdll.dll
0x00007ffa1d790000 - 0x00007ffa1d84f000 	C:\WINDOWS\System32\KERNEL32.DLL
0x00007ffa1c1b0000 - 0x00007ffa1c482000 	C:\WINDOWS\System32\KERNELBASE.dll
0x00007ffa1c610000 - 0x00007ffa1c710000 	C:\WINDOWS\System32\ucrtbase.dll
0x00007ffa17d50000 - 0x00007ffa17d68000 	C:\Users\hp\.p2\pool\plugins\org.eclipse.justj.openjdk.hotspot.jre.full.win32.x86_64_17.0.4.v20221004-1257\jre\bin\jli.dll
0x00007ffa17d30000 - 0x00007ffa17d49000 	C:\Users\hp\.p2\pool\plugins\org.eclipse.justj.openjdk.hotspot.jre.full.win32.x86_64_17.0.4.v20221004-1257\jre\bin\VCRUNTIME140.dll
0x00007ffa1cd50000 - 0x00007ffa1cef1000 	C:\WINDOWS\System32\USER32.dll
0x00007ffa0c7c0000 - 0x00007ffa0ca5a000 	C:\WINDOWS\WinSxS\amd64_microsoft.windows.common-controls_6595b64144ccf1df_6.0.19041.1110_none_60b5254171f9507e\COMCTL32.dll
0x00007ffa1c950000 - 0x00007ffa1c972000 	C:\WINDOWS\System32\win32u.dll
0x00007ffa1d6f0000 - 0x00007ffa1d78e000 	C:\WINDOWS\System32\msvcrt.dll
0x00007ffa1e8f0000 - 0x00007ffa1e91b000 	C:\WINDOWS\System32\GDI32.dll
0x00007ffa1c490000 - 0x00007ffa1c59f000 	C:\WINDOWS\System32\gdi32full.dll
0x00007ffa1c980000 - 0x00007ffa1ca1d000 	C:\WINDOWS\System32\msvcp_win.dll
0x00007ffa1e8b0000 - 0x00007ffa1e8e2000 	C:\WINDOWS\System32\IMM32.DLL
0x00007ffa17dd0000 - 0x00007ffa17ddc000 	C:\Users\hp\.p2\pool\plugins\org.eclipse.justj.openjdk.hotspot.jre.full.win32.x86_64_17.0.4.v20221004-1257\jre\bin\vcruntime140_1.dll
0x00007ffa10250000 - 0x00007ffa102e1000 	C:\Users\hp\.p2\pool\plugins\org.eclipse.justj.openjdk.hotspot.jre.full.win32.x86_64_17.0.4.v20221004-1257\jre\bin\msvcp140.dll
0x00007ff98f860000 - 0x00007ff9904a6000 	C:\Users\hp\.p2\pool\plugins\org.eclipse.justj.openjdk.hotspot.jre.full.win32.x86_64_17.0.4.v20221004-1257\jre\bin\server\jvm.dll
0x00007ffa1e390000 - 0x00007ffa1e43e000 	C:\WINDOWS\System32\ADVAPI32.dll
0x00007ffa1d8b0000 - 0x00007ffa1d94c000 	C:\WINDOWS\System32\sechost.dll
0x00007ffa1d950000 - 0x00007ffa1da75000 	C:\WINDOWS\System32\RPCRT4.dll
0x00007ffa1cca0000 - 0x00007ffa1cca8000 	C:\WINDOWS\System32\PSAPI.DLL
0x00007ffa03c50000 - 0x00007ffa03c59000 	C:\WINDOWS\SYSTEM32\WSOCK32.dll
0x00007ffa0d560000 - 0x00007ffa0d587000 	C:\WINDOWS\SYSTEM32\WINMM.dll
0x00007ffa0be50000 - 0x00007ffa0be5a000 	C:\WINDOWS\SYSTEM32\VERSION.dll
0x00007ffa1db50000 - 0x00007ffa1dbbb000 	C:\WINDOWS\System32\WS2_32.dll
0x00007ffa19ee0000 - 0x00007ffa19ef2000 	C:\WINDOWS\SYSTEM32\kernel.appcore.dll
0x00007ff9c6e90000 - 0x00007ff9c6e9a000 	C:\Users\hp\.p2\pool\plugins\org.eclipse.justj.openjdk.hotspot.jre.full.win32.x86_64_17.0.4.v20221004-1257\jre\bin\jimage.dll
0x00007ffa17070000 - 0x00007ffa17254000 	C:\WINDOWS\SYSTEM32\DBGHELP.DLL
0x00007ffa00530000 - 0x00007ffa00565000 	C:\WINDOWS\SYSTEM32\dbgcore.DLL
0x00007ffa1c710000 - 0x00007ffa1c792000 	C:\WINDOWS\System32\bcryptPrimitives.dll
0x00007ff990880000 - 0x00007ff9908a5000 	C:\Users\hp\.p2\pool\plugins\org.eclipse.justj.openjdk.hotspot.jre.full.win32.x86_64_17.0.4.v20221004-1257\jre\bin\java.dll

dbghelp: loaded successfully - version: 4.0.5 - missing functions: none
symbol engine: initialized successfully - sym options: 0x614 - pdb path: .;C:\Users\hp\.p2\pool\plugins\org.eclipse.justj.openjdk.hotspot.jre.full.win32.x86_64_17.0.4.v20221004-1257\jre\bin;C:\WINDOWS\SYSTEM32;C:\WINDOWS\WinSxS\amd64_microsoft.windows.common-controls_6595b64144ccf1df_6.0.19041.1110_none_60b5254171f9507e;C:\Users\hp\.p2\pool\plugins\org.eclipse.justj.openjdk.hotspot.jre.full.win32.x86_64_17.0.4.v20221004-1257\jre\bin\server

VM Arguments:
jvm_args: -Dfile.encoding=UTF-8 -XX:+ShowCodeDetailsInExceptionMessages 
java_command: ReceptionCostumer
java_class_path (initial): D:\from_C\GI2-S1\JAVA\eclipse-workspace\Interfaces\Hotel\bin;C:\Users\hp\Documents\mysql-connector-j-8.0.31.jar;C:\Users\hp\Downloads\libJFreechart\hamcrest-core-1.3.jar;C:\Users\hp\Downloads\libJFreechart\jcommon-1.0.23.jar;C:\Users\hp\Downloads\libJFreechart\jfreechart-1.0.19.jar;C:\Users\hp\Downloads\libJFreechart\jfreechart-1.0.19-experimental.jar;C:\Users\hp\Downloads\libJFreechart\jfreechart-1.0.19-swt.jar;C:\Users\hp\Downloads\libJFreechart\jfreesvg-2.0.jar;C:\Users\hp\Downloads\libJFreechart\junit-4.11.jar;C:\Users\hp\Downloads\libJFreechart\orsoncharts-1.4-eval-nofx.jar;C:\Users\hp\Downloads\libJFreechart\orsonpdf-1.6-eval.jar;C:\Users\hp\Downloads\libJFreechart\servlet.jar;C:\Users\hp\Downloads\libJFreechart\swtgraphics2d.jar;C:\Users\hp\Documents\jdatepicker-1.3.4.jar
Launcher Type: SUN_STANDARD

[Global flags]
     intx CICompilerCount                          = 3                                         {product} {ergonomic}
     uint ConcGCThreads                            = 1                                         {product} {ergonomic}
     uint G1ConcRefinementThreads                  = 4                                         {product} {ergonomic}
   size_t G1HeapRegionSize                         = 2097152                                   {product} {ergonomic}
    uintx GCDrainStackTargetSize                   = 64                                        {product} {ergonomic}
   size_t InitialHeapSize                          = 268435456                                 {product} {ergonomic}
   size_t MarkStackSize                            = 4194304                                   {product} {ergonomic}
   size_t MaxHeapSize                              = 4263510016                                {product} {ergonomic}
   size_t MinHeapDeltaBytes                        = 2097152                                   {product} {ergonomic}
   size_t MinHeapSize                              = 8388608                                   {product} {ergonomic}
    uintx NonNMethodCodeHeapSize                   = 5832780                                {pd product} {ergonomic}
    uintx NonProfiledCodeHeapSize                  = 122912730                              {pd product} {ergonomic}
    uintx ProfiledCodeHeapSize                     = 122912730                              {pd product} {ergonomic}
    uintx ReservedCodeCacheSize                    = 251658240                              {pd product} {ergonomic}
     bool SegmentedCodeCache                       = true                                      {product} {ergonomic}
     bool ShowCodeDetailsInExceptionMessages       = true                                   {manageable} {command line}
   size_t SoftMaxHeapSize                          = 4263510016                             {manageable} {ergonomic}
     bool UseCompressedClassPointers               = true                           {product lp64_product} {ergonomic}
     bool UseCompressedOops                        = true                           {product lp64_product} {ergonomic}
     bool UseG1GC                                  = true                                      {product} {ergonomic}
     bool UseLargePagesIndividualAllocation        = false                                  {pd product} {ergonomic}

Logging:
Log output configuration:
 #0: stdout all=warning uptime,level,tags
 #1: stderr all=off uptime,level,tags

Environment Variables:
JAVA_HOME=C:\Program Files\Java\jdk-11.0.16
PATH=C:/Users/hp/.p2/pool/plugins/org.eclipse.justj.openjdk.hotspot.jre.full.win32.x86_64_17.0.4.v20221004-1257/jre/bin/server;C:/Users/hp/.p2/pool/plugins/org.eclipse.justj.openjdk.hotspot.jre.full.win32.x86_64_17.0.4.v20221004-1257/jre/bin;C:\app\hp\product\21c\dbhomeXE\bin;C:\Program Files (x86)\VMware\VMware Player\bin\;D:\ORACLE_DATABASE\dbhomeXE\bin;C:\Program Files\Common Files\Oracle\Java\javapath;C:\WINDOWS\system32;C:\WINDOWS;C:\WINDOWS\System32\Wbem;C:\WINDOWS\System32\WindowsPowerShell\v1.0\;C:\WINDOWS\System32\OpenSSH\;C:\Users\hp\Downloads\runtime\win64;C:\Users\hp\Downloads\bin;C:\Program Files\MATLAB\MATLAB Production Server\R2015a\runtime\win64;C:\Program Files\MATLAB\MATLAB Production Server\R2015a\bin;C:\Program Files\MATLAB\MATLAB Production Server\R2015a\polyspace\bin;C:\Users\hp\Downloads\polyspace\bin;C:\Program Files (x86)\dotnet\;C:\Program Files\PuTTY\;C:\Program Files\Git\cmd;C:\Program Files\Git\mingw64\bin;C:\Program Files\Git\usr\bin;C:\Program Files\Java\jdk-11.0.16\bin;D:\python;D:\python\Library\mingw-w64\bin;D:\python\Library\usr\bin;D:\python\Library\bin;D:\python\Scripts;C:\Users\hp\AppData\Local\Microsoft\WindowsApps;C:\Users\hp\AppData\Local\Programs\Microsoft VS Code\bin;D:\python;C:\xampp\php;C:\Users\hp\AppData\Local\ComposerSetup\bin;C:\Users\hp\AppData\Roaming\Composer\vendor\bin;C:\Program Files\Java\jdk-11.0.16\bin;;C:\WINDOWS\system32;
USERNAME=hp
OS=Windows_NT
PROCESSOR_IDENTIFIER=Intel64 Family 6 Model 61 Stepping 4, GenuineIntel
TMP=C:\Users\hp\AppData\Local\Temp
TEMP=C:\Users\hp\AppData\Local\Temp



---------------  S Y S T E M  ---------------

OS:
 Windows 10 , 64 bit Build 19041 (10.0.19041.2364)
OS uptime: 3 days 14:51 hours

CPU: total 4 (initial active 4) (2 cores per cpu, 2 threads per core) family 6 model 61 stepping 4 microcode 0x2d, cx8, cmov, fxsr, ht, mmx, 3dnowpref, sse, sse2, sse3, ssse3, sse4.1, sse4.2, popcnt, lzcnt, tsc, tscinvbit, avx, avx2, aes, erms, clmul, bmi1, bmi2, rtm, adx, fma, vzeroupper, clflush

Memory: 4k page, system-wide physical 16259M (3577M free)
TotalPageFile size 31520M (AvailPageFile size 7M)
current process WorkingSet (physical memory assigned to process): 10M, peak: 10M
current process commit charge ("private bytes"): 312M, peak: 316M

vm_info: OpenJDK 64-Bit Server VM (17.0.4.1+1) for windows-amd64 JRE (17.0.4.1+1), built on Aug 17 2022 07:42:43 by "temurin" with MS VC++ 16.7 (VS2019)

END.
