#
# There is insufficient memory for the Java Runtime Environment to continue.
# Native memory allocation (malloc) failed to allocate 32744 bytes for ChunkPool::allocate
# Possible reasons:
#   The system is out of physical RAM or swap space
#   The process is running with CompressedOops enabled, and the Java Heap may be blocking the growth of the native heap
# Possible solutions:
#   Reduce memory load on the system
#   Increase physical memory or swap space
#   Check if swap backing store is full
#   Decrease Java heap size (-Xmx/-Xms)
#   Decrease number of Java threads
#   Decrease Java thread stack sizes (-Xss)
#   Set larger code cache with -XX:ReservedCodeCacheSize=
#   JVM is running with Zero Based Compressed Oops mode in which the Java heap is
#     placed in the first 32GB address space. The Java Heap base address is the
#     maximum limit for the native heap growth. Please use -XX:HeapBaseMinAddress
#     to set the Java Heap base and to place the Java Heap above 32GB virtual address.
# This output file may be truncated or incomplete.
#
#  Out of Memory Error (arena.cpp:78), pid=13668, tid=22960
#
# JRE version: OpenJDK Runtime Environment Temurin-17.0.4.1+1 (17.0.4.1+1) (build 17.0.4.1+1)
# Java VM: OpenJDK 64-Bit Server VM Temurin-17.0.4.1+1 (17.0.4.1+1, mixed mode, tiered, compressed oops, compressed class ptrs, g1 gc, windows-amd64)
# No core dump will be written. Minidumps are not enabled by default on client versions of Windows
#

---------------  S U M M A R Y ------------

Command Line: -Dfile.encoding=UTF-8 -XX:+ShowCodeDetailsInExceptionMessages ReceptionCostumer

Host: Intel(R) Core(TM) i7-5600U CPU @ 2.60GHz, 4 cores, 15G,  Windows 10 , 64 bit Build 19041 (10.0.19041.2364)
Time: Thu Dec 22 11:34:04 2022 Morocco Daylight Time elapsed time: 0.791052 seconds (0d 0h 0m 0s)

---------------  T H R E A D  ---------------

Current thread (0x0000018b2e8be390):  JavaThread "C1 CompilerThread0" daemon [_thread_in_native, id=22960, stack(0x0000003cec300000,0x0000003cec400000)]


Current CompileTask:
C1:    791  624 % !   3      
[error occurred during error reporting (printing current compile task), id 0xe0000001, Out of Memory Error (s\src\hotspot\share\memory\arena.cpp:78)]

Stack: [0x0000003cec300000,0x0000003cec400000]
Native frames: (J=compiled Java code, j=interpreted, Vv=VM code, C=native code)
V  [jvm.dll+0x67731a]
V  [jvm.dll+0x832284]
V  [jvm.dll+0x833a2e]
V  [jvm.dll+0x834093]
V  [jvm.dll+0x245775]
V  [jvm.dll+0xabfc0]
V  [jvm.dll+0xac30c]
V  [jvm.dll+0x79fa3c]
V  [jvm.dll+0x79fb29]
V  [jvm.dll+0x62b059]
V  [jvm.dll+0x22be26]
V  [jvm.dll+0x22c3a7]
V  [jvm.dll+0x83211a]
V  [jvm.dll+0x833a2e]
V  [jvm.dll+0x834093]
V  [jvm.dll+0x245775]
V  [jvm.dll+0xabfc0]
V  [jvm.dll+0xac30c]
V  [jvm.dll+0x15ef26]
V  [jvm.dll+0x16b388]
V  [jvm.dll+0x16b4e0]
V  [jvm.dll+0x160a2e]
V  [jvm.dll+0x15d96e]
V  [jvm.dll+0x14bc70]
V  [jvm.dll+0x1348b7]
V  [jvm.dll+0x13423f]
V  [jvm.dll+0x134476]
V  [jvm.dll+0x13390a]
V  [jvm.dll+0x1355d1]
V  [jvm.dll+0x227498]
V  [jvm.dll+0x2255e5]
V  [jvm.dll+0x7e7e9b]
V  [jvm.dll+0x7e240a]
V  [jvm.dll+0x6761a5]
C  [ucrtbase.dll+0x21bb2]
C  [KERNEL32.DLL+0x17614]
C  [ntdll.dll+0x526a1]


---------------  P R O C E S S  ---------------

Threads class SMR info:
_java_thread_list=0x0000018b2eea96c0, length=17, elements={
0x0000018b2dfb7410, 0x0000018b2dfb8d20, 0x0000018b2dfbb450, 0x0000018b2dfbbe00,
0x0000018b2dfbc7b0, 0x0000018b2dfbd160, 0x0000018b2dfbdef0, 0x0000018b2e8be390,
0x0000018b2e8d2040, 0x0000018b2e9ced20, 0x0000018b2e9ed050, 0x0000018b2ee2a4f0,
0x0000018b2ee60820, 0x0000018b2ee60cf0, 0x0000018b2ee80160, 0x0000018b0fc9f510,
0x0000018b2eee1fd0
}

Java Threads: ( => current thread )
  0x0000018b2dfb7410 JavaThread "Reference Handler" daemon [_thread_blocked, id=27128, stack(0x0000003cebc00000,0x0000003cebd00000)]
  0x0000018b2dfb8d20 JavaThread "Finalizer" daemon [_thread_blocked, id=7992, stack(0x0000003cebd00000,0x0000003cebe00000)]
  0x0000018b2dfbb450 JavaThread "Signal Dispatcher" daemon [_thread_blocked, id=22444, stack(0x0000003cebe00000,0x0000003cebf00000)]
  0x0000018b2dfbbe00 JavaThread "Attach Listener" daemon [_thread_blocked, id=28900, stack(0x0000003cebf00000,0x0000003cec000000)]
  0x0000018b2dfbc7b0 JavaThread "Service Thread" daemon [_thread_blocked, id=20800, stack(0x0000003cec000000,0x0000003cec100000)]
  0x0000018b2dfbd160 JavaThread "Monitor Deflation Thread" daemon [_thread_blocked, id=28652, stack(0x0000003cec100000,0x0000003cec200000)]
  0x0000018b2dfbdef0 JavaThread "C2 CompilerThread0" daemon [_thread_in_native, id=29520, stack(0x0000003cec200000,0x0000003cec300000)]
=>0x0000018b2e8be390 JavaThread "C1 CompilerThread0" daemon [_thread_in_native, id=22960, stack(0x0000003cec300000,0x0000003cec400000)]
  0x0000018b2e8d2040 JavaThread "Sweeper thread" daemon [_thread_blocked, id=13008, stack(0x0000003cec400000,0x0000003cec500000)]
  0x0000018b2e9ced20 JavaThread "Notification Thread" daemon [_thread_blocked, id=25300, stack(0x0000003cec500000,0x0000003cec600000)]
  0x0000018b2e9ed050 JavaThread "Common-Cleaner" daemon [_thread_blocked, id=28892, stack(0x0000003cec700000,0x0000003cec800000)]
  0x0000018b2ee2a4f0 JavaThread "Java2D Disposer" daemon [_thread_blocked, id=27860, stack(0x0000003cec800000,0x0000003cec900000)]
  0x0000018b2ee60820 JavaThread "AWT-Shutdown" [_thread_blocked, id=16724, stack(0x0000003cec900000,0x0000003ceca00000)]
  0x0000018b2ee60cf0 JavaThread "AWT-Windows" daemon [_thread_in_native, id=29652, stack(0x0000003ceca00000,0x0000003cecb00000)]
  0x0000018b2ee80160 JavaThread "AWT-EventQueue-0" [_thread_in_vm, id=29480, stack(0x0000003cecb00000,0x0000003cecc00000)]
  0x0000018b0fc9f510 JavaThread "DestroyJavaVM" [_thread_blocked, id=2668, stack(0x0000003ceb500000,0x0000003ceb600000)]
  0x0000018b2eee1fd0 JavaThread "Image Fetcher 0" daemon [_thread_blocked, id=19624, stack(0x0000003cecd00000,0x0000003cece00000)]

Other Threads:
  0x0000018b2df75df0 VMThread "VM Thread" [stack: 0x0000003cebb00000,0x0000003cebc00000] [id=16368]
  0x0000018b2e9d5620 WatcherThread [stack: 0x0000003cec600000,0x0000003cec700000] [id=20668]
  0x0000018b0fd0b1e0 GCTaskThread "GC Thread#0" [stack: 0x0000003ceb600000,0x0000003ceb700000] [id=29600]
  0x0000018b0fd1cf40 ConcurrentGCThread "G1 Main Marker" [stack: 0x0000003ceb700000,0x0000003ceb800000] [id=25524]
  0x0000018b0fd1e230 ConcurrentGCThread "G1 Conc#0" [stack: 0x0000003ceb800000,0x0000003ceb900000] [id=8232]
  0x0000018b0fd7d730 ConcurrentGCThread "G1 Refine#0" [stack: 0x0000003ceb900000,0x0000003ceba00000] [id=24224]
  0x0000018b0fd7ea30 ConcurrentGCThread "G1 Service" [stack: 0x0000003ceba00000,0x0000003cebb00000] [id=636]

Threads with active compile tasks:
C2 CompilerThread0      825  618 %     4       sun.awt.image.PNGImageDecoder::filterRow @ 79 (460 bytes)
C1 CompilerThread0      825  624 % !   3       sun.awt.image.PNGImageDecoder::produceImage @ 960 (1917 bytes)

VM state: not at safepoint (normal execution)

VM Mutex/Monitor currently owned by a thread:  ([mutex/lock_event])
[0x0000018b0fc96d90] Metaspace_lock - owner thread: 0x0000018b2ee80160

Heap address: 0x0000000701e00000, size: 4066 MB, Compressed Oops mode: Zero based, Oop shift amount: 3

CDS archive(s) not mapped
Compressed class space mapped at: 0x0000000800000000-0x0000000840000000, reserved size: 1073741824
Narrow klass base: 0x0000000800000000, Narrow klass shift: 0, Narrow klass range: 0x40000000

GC Precious Log:
 CPUs: 4 total, 4 available
 Memory: 16259M
 Large Page Support: Disabled
 NUMA Support: Disabled
 Compressed Oops: Enabled (Zero based)
 Heap Region Size: 2M
 Heap Min Capacity: 8M
 Heap Initial Capacity: 256M
 Heap Max Capacity: 4066M
 Pre-touch: Disabled
 Parallel Workers: 4
 Concurrent Workers: 1
 Concurrent Refinement Workers: 4
 Periodic GC: Disabled

Heap:
 garbage-first heap   total 262144K, used 6144K [0x0000000701e00000, 0x0000000800000000)
  region size 2048K, 4 young (8192K), 0 survivors (0K)
 Metaspace       used 12355K, committed 12544K, reserved 1064960K
  class space    used 1192K, committed 1280K, reserved 1048576K

Heap Regions: E=young(eden), S=young(survivor), O=old, HS=humongous(starts), HC=humongous(continues), CS=collection set, F=free, OA=open archive, CA=closed archive, TAMS=top-at-mark-start (previous, next)
|   0|0x0000000701e00000, 0x0000000701e00000, 0x0000000702000000|  0%| F|  |TAMS 0x0000000701e00000, 0x0000000701e00000| Untracked 
|   1|0x0000000702000000, 0x0000000702000000, 0x0000000702200000|  0%| F|  |TAMS 0x0000000702000000, 0x0000000702000000| Untracked 
|   2|0x0000000702200000, 0x0000000702200000, 0x0000000702400000|  0%| F|  |TAMS 0x0000000702200000, 0x0000000702200000| Untracked 
|   3|0x0000000702400000, 0x0000000702400000, 0x0000000702600000|  0%| F|  |TAMS 0x0000000702400000, 0x0000000702400000| Untracked 
|   4|0x0000000702600000, 0x0000000702600000, 0x0000000702800000|  0%| F|  |TAMS 0x0000000702600000, 0x0000000702600000| Untracked 
|   5|0x0000000702800000, 0x0000000702800000, 0x0000000702a00000|  0%| F|  |TAMS 0x0000000702800000, 0x0000000702800000| Untracked 
|   6|0x0000000702a00000, 0x0000000702a00000, 0x0000000702c00000|  0%| F|  |TAMS 0x0000000702a00000, 0x0000000702a00000| Untracked 
|   7|0x0000000702c00000, 0x0000000702c00000, 0x0000000702e00000|  0%| F|  |TAMS 0x0000000702c00000, 0x0000000702c00000| Untracked 
|   8|0x0000000702e00000, 0x0000000702e00000, 0x0000000703000000|  0%| F|  |TAMS 0x0000000702e00000, 0x0000000702e00000| Untracked 
|   9|0x0000000703000000, 0x0000000703000000, 0x0000000703200000|  0%| F|  |TAMS 0x0000000703000000, 0x0000000703000000| Untracked 
|  10|0x0000000703200000, 0x0000000703200000, 0x0000000703400000|  0%| F|  |TAMS 0x0000000703200000, 0x0000000703200000| Untracked 
|  11|0x0000000703400000, 0x0000000703400000, 0x0000000703600000|  0%| F|  |TAMS 0x0000000703400000, 0x0000000703400000| Untracked 
|  12|0x0000000703600000, 0x0000000703600000, 0x0000000703800000|  0%| F|  |TAMS 0x0000000703600000, 0x0000000703600000| Untracked 
|  13|0x0000000703800000, 0x0000000703800000, 0x0000000703a00000|  0%| F|  |TAMS 0x0000000703800000, 0x0000000703800000| Untracked 
|  14|0x0000000703a00000, 0x0000000703a00000, 0x0000000703c00000|  0%| F|  |TAMS 0x0000000703a00000, 0x0000000703a00000| Untracked 
|  15|0x0000000703c00000, 0x0000000703c00000, 0x0000000703e00000|  0%| F|  |TAMS 0x0000000703c00000, 0x0000000703c00000| Untracked 
|  16|0x0000000703e00000, 0x0000000703e00000, 0x0000000704000000|  0%| F|  |TAMS 0x0000000703e00000, 0x0000000703e00000| Untracked 
|  17|0x0000000704000000, 0x0000000704000000, 0x0000000704200000|  0%| F|  |TAMS 0x0000000704000000, 0x0000000704000000| Untracked 
|  18|0x0000000704200000, 0x0000000704200000, 0x0000000704400000|  0%| F|  |TAMS 0x0000000704200000, 0x0000000704200000| Untracked 
|  19|0x0000000704400000, 0x0000000704400000, 0x0000000704600000|  0%| F|  |TAMS 0x0000000704400000, 0x0000000704400000| Untracked 
|  20|0x0000000704600000, 0x0000000704600000, 0x0000000704800000|  0%| F|  |TAMS 0x0000000704600000, 0x0000000704600000| Untracked 
|  21|0x0000000704800000, 0x0000000704800000, 0x0000000704a00000|  0%| F|  |TAMS 0x0000000704800000, 0x0000000704800000| Untracked 
|  22|0x0000000704a00000, 0x0000000704a00000, 0x0000000704c00000|  0%| F|  |TAMS 0x0000000704a00000, 0x0000000704a00000| Untracked 
|  23|0x0000000704c00000, 0x0000000704c00000, 0x0000000704e00000|  0%| F|  |TAMS 0x0000000704c00000, 0x0000000704c00000| Untracked 
|  24|0x0000000704e00000, 0x0000000704e00000, 0x0000000705000000|  0%| F|  |TAMS 0x0000000704e00000, 0x0000000704e00000| Untracked 
|  25|0x0000000705000000, 0x0000000705000000, 0x0000000705200000|  0%| F|  |TAMS 0x0000000705000000, 0x0000000705000000| Untracked 
|  26|0x0000000705200000, 0x0000000705200000, 0x0000000705400000|  0%| F|  |TAMS 0x0000000705200000, 0x0000000705200000| Untracked 
|  27|0x0000000705400000, 0x0000000705400000, 0x0000000705600000|  0%| F|  |TAMS 0x0000000705400000, 0x0000000705400000| Untracked 
|  28|0x0000000705600000, 0x0000000705600000, 0x0000000705800000|  0%| F|  |TAMS 0x0000000705600000, 0x0000000705600000| Untracked 
|  29|0x0000000705800000, 0x0000000705800000, 0x0000000705a00000|  0%| F|  |TAMS 0x0000000705800000, 0x0000000705800000| Untracked 
|  30|0x0000000705a00000, 0x0000000705a00000, 0x0000000705c00000|  0%| F|  |TAMS 0x0000000705a00000, 0x0000000705a00000| Untracked 
|  31|0x0000000705c00000, 0x0000000705c00000, 0x0000000705e00000|  0%| F|  |TAMS 0x0000000705c00000, 0x0000000705c00000| Untracked 
|  32|0x0000000705e00000, 0x0000000705e00000, 0x0000000706000000|  0%| F|  |TAMS 0x0000000705e00000, 0x0000000705e00000| Untracked 
|  33|0x0000000706000000, 0x0000000706000000, 0x0000000706200000|  0%| F|  |TAMS 0x0000000706000000, 0x0000000706000000| Untracked 
|  34|0x0000000706200000, 0x0000000706200000, 0x0000000706400000|  0%| F|  |TAMS 0x0000000706200000, 0x0000000706200000| Untracked 
|  35|0x0000000706400000, 0x0000000706400000, 0x0000000706600000|  0%| F|  |TAMS 0x0000000706400000, 0x0000000706400000| Untracked 
|  36|0x0000000706600000, 0x0000000706600000, 0x0000000706800000|  0%| F|  |TAMS 0x0000000706600000, 0x0000000706600000| Untracked 
|  37|0x0000000706800000, 0x0000000706800000, 0x0000000706a00000|  0%| F|  |TAMS 0x0000000706800000, 0x0000000706800000| Untracked 
|  38|0x0000000706a00000, 0x0000000706a00000, 0x0000000706c00000|  0%| F|  |TAMS 0x0000000706a00000, 0x0000000706a00000| Untracked 
|  39|0x0000000706c00000, 0x0000000706c00000, 0x0000000706e00000|  0%| F|  |TAMS 0x0000000706c00000, 0x0000000706c00000| Untracked 
|  40|0x0000000706e00000, 0x0000000706e00000, 0x0000000707000000|  0%| F|  |TAMS 0x0000000706e00000, 0x0000000706e00000| Untracked 
|  41|0x0000000707000000, 0x0000000707000000, 0x0000000707200000|  0%| F|  |TAMS 0x0000000707000000, 0x0000000707000000| Untracked 
|  42|0x0000000707200000, 0x0000000707200000, 0x0000000707400000|  0%| F|  |TAMS 0x0000000707200000, 0x0000000707200000| Untracked 
|  43|0x0000000707400000, 0x0000000707400000, 0x0000000707600000|  0%| F|  |TAMS 0x0000000707400000, 0x0000000707400000| Untracked 
|  44|0x0000000707600000, 0x0000000707600000, 0x0000000707800000|  0%| F|  |TAMS 0x0000000707600000, 0x0000000707600000| Untracked 
|  45|0x0000000707800000, 0x0000000707800000, 0x0000000707a00000|  0%| F|  |TAMS 0x0000000707800000, 0x0000000707800000| Untracked 
|  46|0x0000000707a00000, 0x0000000707a00000, 0x0000000707c00000|  0%| F|  |TAMS 0x0000000707a00000, 0x0000000707a00000| Untracked 
|  47|0x0000000707c00000, 0x0000000707c00000, 0x0000000707e00000|  0%| F|  |TAMS 0x0000000707c00000, 0x0000000707c00000| Untracked 
|  48|0x0000000707e00000, 0x0000000707e00000, 0x0000000708000000|  0%| F|  |TAMS 0x0000000707e00000, 0x0000000707e00000| Untracked 
|  49|0x0000000708000000, 0x0000000708000000, 0x0000000708200000|  0%| F|  |TAMS 0x0000000708000000, 0x0000000708000000| Untracked 
|  50|0x0000000708200000, 0x0000000708200000, 0x0000000708400000|  0%| F|  |TAMS 0x0000000708200000, 0x0000000708200000| Untracked 
|  51|0x0000000708400000, 0x0000000708400000, 0x0000000708600000|  0%| F|  |TAMS 0x0000000708400000, 0x0000000708400000| Untracked 
|  52|0x0000000708600000, 0x0000000708600000, 0x0000000708800000|  0%| F|  |TAMS 0x0000000708600000, 0x0000000708600000| Untracked 
|  53|0x0000000708800000, 0x0000000708800000, 0x0000000708a00000|  0%| F|  |TAMS 0x0000000708800000, 0x0000000708800000| Untracked 
|  54|0x0000000708a00000, 0x0000000708a00000, 0x0000000708c00000|  0%| F|  |TAMS 0x0000000708a00000, 0x0000000708a00000| Untracked 
|  55|0x0000000708c00000, 0x0000000708c00000, 0x0000000708e00000|  0%| F|  |TAMS 0x0000000708c00000, 0x0000000708c00000| Untracked 
|  56|0x0000000708e00000, 0x0000000708e00000, 0x0000000709000000|  0%| F|  |TAMS 0x0000000708e00000, 0x0000000708e00000| Untracked 
|  57|0x0000000709000000, 0x0000000709000000, 0x0000000709200000|  0%| F|  |TAMS 0x0000000709000000, 0x0000000709000000| Untracked 
|  58|0x0000000709200000, 0x0000000709200000, 0x0000000709400000|  0%| F|  |TAMS 0x0000000709200000, 0x0000000709200000| Untracked 
|  59|0x0000000709400000, 0x0000000709400000, 0x0000000709600000|  0%| F|  |TAMS 0x0000000709400000, 0x0000000709400000| Untracked 
|  60|0x0000000709600000, 0x0000000709600000, 0x0000000709800000|  0%| F|  |TAMS 0x0000000709600000, 0x0000000709600000| Untracked 
|  61|0x0000000709800000, 0x0000000709800000, 0x0000000709a00000|  0%| F|  |TAMS 0x0000000709800000, 0x0000000709800000| Untracked 
|  62|0x0000000709a00000, 0x0000000709a00000, 0x0000000709c00000|  0%| F|  |TAMS 0x0000000709a00000, 0x0000000709a00000| Untracked 
|  63|0x0000000709c00000, 0x0000000709c00000, 0x0000000709e00000|  0%| F|  |TAMS 0x0000000709c00000, 0x0000000709c00000| Untracked 
|  64|0x0000000709e00000, 0x0000000709e00000, 0x000000070a000000|  0%| F|  |TAMS 0x0000000709e00000, 0x0000000709e00000| Untracked 
|  65|0x000000070a000000, 0x000000070a000000, 0x000000070a200000|  0%| F|  |TAMS 0x000000070a000000, 0x000000070a000000| Untracked 
|  66|0x000000070a200000, 0x000000070a200000, 0x000000070a400000|  0%| F|  |TAMS 0x000000070a200000, 0x000000070a200000| Untracked 
|  67|0x000000070a400000, 0x000000070a400000, 0x000000070a600000|  0%| F|  |TAMS 0x000000070a400000, 0x000000070a400000| Untracked 
|  68|0x000000070a600000, 0x000000070a600000, 0x000000070a800000|  0%| F|  |TAMS 0x000000070a600000, 0x000000070a600000| Untracked 
|  69|0x000000070a800000, 0x000000070a800000, 0x000000070aa00000|  0%| F|  |TAMS 0x000000070a800000, 0x000000070a800000| Untracked 
|  70|0x000000070aa00000, 0x000000070aa00000, 0x000000070ac00000|  0%| F|  |TAMS 0x000000070aa00000, 0x000000070aa00000| Untracked 
|  71|0x000000070ac00000, 0x000000070ac00000, 0x000000070ae00000|  0%| F|  |TAMS 0x000000070ac00000, 0x000000070ac00000| Untracked 
|  72|0x000000070ae00000, 0x000000070ae00000, 0x000000070b000000|  0%| F|  |TAMS 0x000000070ae00000, 0x000000070ae00000| Untracked 
|  73|0x000000070b000000, 0x000000070b000000, 0x000000070b200000|  0%| F|  |TAMS 0x000000070b000000, 0x000000070b000000| Untracked 
|  74|0x000000070b200000, 0x000000070b200000, 0x000000070b400000|  0%| F|  |TAMS 0x000000070b200000, 0x000000070b200000| Untracked 
|  75|0x000000070b400000, 0x000000070b400000, 0x000000070b600000|  0%| F|  |TAMS 0x000000070b400000, 0x000000070b400000| Untracked 
|  76|0x000000070b600000, 0x000000070b600000, 0x000000070b800000|  0%| F|  |TAMS 0x000000070b600000, 0x000000070b600000| Untracked 
|  77|0x000000070b800000, 0x000000070b800000, 0x000000070ba00000|  0%| F|  |TAMS 0x000000070b800000, 0x000000070b800000| Untracked 
|  78|0x000000070ba00000, 0x000000070ba00000, 0x000000070bc00000|  0%| F|  |TAMS 0x000000070ba00000, 0x000000070ba00000| Untracked 
|  79|0x000000070bc00000, 0x000000070bc00000, 0x000000070be00000|  0%| F|  |TAMS 0x000000070bc00000, 0x000000070bc00000| Untracked 
|  80|0x000000070be00000, 0x000000070be00000, 0x000000070c000000|  0%| F|  |TAMS 0x000000070be00000, 0x000000070be00000| Untracked 
|  81|0x000000070c000000, 0x000000070c000000, 0x000000070c200000|  0%| F|  |TAMS 0x000000070c000000, 0x000000070c000000| Untracked 
|  82|0x000000070c200000, 0x000000070c200000, 0x000000070c400000|  0%| F|  |TAMS 0x000000070c200000, 0x000000070c200000| Untracked 
|  83|0x000000070c400000, 0x000000070c400000, 0x000000070c600000|  0%| F|  |TAMS 0x000000070c400000, 0x000000070c400000| Untracked 
|  84|0x000000070c600000, 0x000000070c600000, 0x000000070c800000|  0%| F|  |TAMS 0x000000070c600000, 0x000000070c600000| Untracked 
|  85|0x000000070c800000, 0x000000070c800000, 0x000000070ca00000|  0%| F|  |TAMS 0x000000070c800000, 0x000000070c800000| Untracked 
|  86|0x000000070ca00000, 0x000000070ca00000, 0x000000070cc00000|  0%| F|  |TAMS 0x000000070ca00000, 0x000000070ca00000| Untracked 
|  87|0x000000070cc00000, 0x000000070cc00000, 0x000000070ce00000|  0%| F|  |TAMS 0x000000070cc00000, 0x000000070cc00000| Untracked 
|  88|0x000000070ce00000, 0x000000070ce00000, 0x000000070d000000|  0%| F|  |TAMS 0x000000070ce00000, 0x000000070ce00000| Untracked 
|  89|0x000000070d000000, 0x000000070d000000, 0x000000070d200000|  0%| F|  |TAMS 0x000000070d000000, 0x000000070d000000| Untracked 
|  90|0x000000070d200000, 0x000000070d200000, 0x000000070d400000|  0%| F|  |TAMS 0x000000070d200000, 0x000000070d200000| Untracked 
|  91|0x000000070d400000, 0x000000070d400000, 0x000000070d600000|  0%| F|  |TAMS 0x000000070d400000, 0x000000070d400000| Untracked 
|  92|0x000000070d600000, 0x000000070d600000, 0x000000070d800000|  0%| F|  |TAMS 0x000000070d600000, 0x000000070d600000| Untracked 
|  93|0x000000070d800000, 0x000000070d800000, 0x000000070da00000|  0%| F|  |TAMS 0x000000070d800000, 0x000000070d800000| Untracked 
|  94|0x000000070da00000, 0x000000070da00000, 0x000000070dc00000|  0%| F|  |TAMS 0x000000070da00000, 0x000000070da00000| Untracked 
|  95|0x000000070dc00000, 0x000000070dc00000, 0x000000070de00000|  0%| F|  |TAMS 0x000000070dc00000, 0x000000070dc00000| Untracked 
|  96|0x000000070de00000, 0x000000070de00000, 0x000000070e000000|  0%| F|  |TAMS 0x000000070de00000, 0x000000070de00000| Untracked 
|  97|0x000000070e000000, 0x000000070e000000, 0x000000070e200000|  0%| F|  |TAMS 0x000000070e000000, 0x000000070e000000| Untracked 
|  98|0x000000070e200000, 0x000000070e200000, 0x000000070e400000|  0%| F|  |TAMS 0x000000070e200000, 0x000000070e200000| Untracked 
|  99|0x000000070e400000, 0x000000070e400000, 0x000000070e600000|  0%| F|  |TAMS 0x000000070e400000, 0x000000070e400000| Untracked 
| 100|0x000000070e600000, 0x000000070e600000, 0x000000070e800000|  0%| F|  |TAMS 0x000000070e600000, 0x000000070e600000| Untracked 
| 101|0x000000070e800000, 0x000000070e800000, 0x000000070ea00000|  0%| F|  |TAMS 0x000000070e800000, 0x000000070e800000| Untracked 
| 102|0x000000070ea00000, 0x000000070ea00000, 0x000000070ec00000|  0%| F|  |TAMS 0x000000070ea00000, 0x000000070ea00000| Untracked 
| 103|0x000000070ec00000, 0x000000070ec00000, 0x000000070ee00000|  0%| F|  |TAMS 0x000000070ec00000, 0x000000070ec00000| Untracked 
| 104|0x000000070ee00000, 0x000000070ee00000, 0x000000070f000000|  0%| F|  |TAMS 0x000000070ee00000, 0x000000070ee00000| Untracked 
| 105|0x000000070f000000, 0x000000070f000000, 0x000000070f200000|  0%| F|  |TAMS 0x000000070f000000, 0x000000070f000000| Untracked 
| 106|0x000000070f200000, 0x000000070f200000, 0x000000070f400000|  0%| F|  |TAMS 0x000000070f200000, 0x000000070f200000| Untracked 
| 107|0x000000070f400000, 0x000000070f400000, 0x000000070f600000|  0%| F|  |TAMS 0x000000070f400000, 0x000000070f400000| Untracked 
| 108|0x000000070f600000, 0x000000070f600000, 0x000000070f800000|  0%| F|  |TAMS 0x000000070f600000, 0x000000070f600000| Untracked 
| 109|0x000000070f800000, 0x000000070f800000, 0x000000070fa00000|  0%| F|  |TAMS 0x000000070f800000, 0x000000070f800000| Untracked 
| 110|0x000000070fa00000, 0x000000070fa00000, 0x000000070fc00000|  0%| F|  |TAMS 0x000000070fa00000, 0x000000070fa00000| Untracked 
| 111|0x000000070fc00000, 0x000000070fc00000, 0x000000070fe00000|  0%| F|  |TAMS 0x000000070fc00000, 0x000000070fc00000| Untracked 
| 112|0x000000070fe00000, 0x000000070fe00000, 0x0000000710000000|  0%| F|  |TAMS 0x000000070fe00000, 0x000000070fe00000| Untracked 
| 113|0x0000000710000000, 0x0000000710000000, 0x0000000710200000|  0%| F|  |TAMS 0x0000000710000000, 0x0000000710000000| Untracked 
| 114|0x0000000710200000, 0x0000000710200000, 0x0000000710400000|  0%| F|  |TAMS 0x0000000710200000, 0x0000000710200000| Untracked 
| 115|0x0000000710400000, 0x0000000710400000, 0x0000000710600000|  0%| F|  |TAMS 0x0000000710400000, 0x0000000710400000| Untracked 
| 116|0x0000000710600000, 0x0000000710600000, 0x0000000710800000|  0%| F|  |TAMS 0x0000000710600000, 0x0000000710600000| Untracked 
| 117|0x0000000710800000, 0x0000000710800000, 0x0000000710a00000|  0%| F|  |TAMS 0x0000000710800000, 0x0000000710800000| Untracked 
| 118|0x0000000710a00000, 0x0000000710a00000, 0x0000000710c00000|  0%| F|  |TAMS 0x0000000710a00000, 0x0000000710a00000| Untracked 
| 119|0x0000000710c00000, 0x0000000710c00000, 0x0000000710e00000|  0%| F|  |TAMS 0x0000000710c00000, 0x0000000710c00000| Untracked 
| 120|0x0000000710e00000, 0x0000000710e00000, 0x0000000711000000|  0%| F|  |TAMS 0x0000000710e00000, 0x0000000710e00000| Untracked 
| 121|0x0000000711000000, 0x0000000711000000, 0x0000000711200000|  0%| F|  |TAMS 0x0000000711000000, 0x0000000711000000| Untracked 
| 122|0x0000000711200000, 0x0000000711200000, 0x0000000711400000|  0%| F|  |TAMS 0x0000000711200000, 0x0000000711200000| Untracked 
| 123|0x0000000711400000, 0x0000000711400000, 0x0000000711600000|  0%| F|  |TAMS 0x0000000711400000, 0x0000000711400000| Untracked 
| 124|0x0000000711600000, 0x000000071178f448, 0x0000000711800000| 77%| E|  |TAMS 0x0000000711600000, 0x0000000711600000| Complete 
| 125|0x0000000711800000, 0x0000000711a00000, 0x0000000711a00000|100%| E|CS|TAMS 0x0000000711800000, 0x0000000711800000| Complete 
| 126|0x0000000711a00000, 0x0000000711c00000, 0x0000000711c00000|100%| E|CS|TAMS 0x0000000711a00000, 0x0000000711a00000| Complete 
| 127|0x0000000711c00000, 0x0000000711e00000, 0x0000000711e00000|100%| E|CS|TAMS 0x0000000711c00000, 0x0000000711c00000| Complete 

Card table byte_map: [0x0000018b22b70000,0x0000018b23370000] _byte_map_base: 0x0000018b1f361000

Marking Bits (Prev, Next): (CMBitMap*) 0x0000018b0fd0c800, (CMBitMap*) 0x0000018b0fd0c840
 Prev Bits: [0x0000018b23b70000, 0x0000018b27af8000)
 Next Bits: [0x0000018b27b00000, 0x0000018b2ba88000)

Polling page: 0x0000018b0da80000

Metaspace:

Usage:
  Non-class:     10.90 MB used.
      Class:      1.16 MB used.
       Both:     12.07 MB used.

Virtual space:
  Non-class space:       16.00 MB reserved,      11.00 MB ( 69%) committed,  2 nodes.
      Class space:        1.00 GB reserved,       1.25 MB ( <1%) committed,  1 nodes.
             Both:        1.02 GB reserved,      12.25 MB (  1%) committed. 

Chunk freelists:
   Non-Class:  1000.00 KB
       Class:  2.74 MB
        Both:  3.72 MB

MaxMetaspaceSize: unlimited
CompressedClassSpaceSize: 1.00 GB
Initial GC threshold: 21.00 MB
Current GC threshold: 21.00 MB
CDS: off
MetaspaceReclaimPolicy: balanced
 - commit_granule_bytes: 65536.
 - commit_granule_words: 8192.
 - virtual_space_node_default_size: 1048576.
 - enlarge_chunks_in_place: 1.
 - new_chunks_are_fully_committed: 0.
 - uncommit_free_chunks: 1.
 - use_allocation_guard: 0.
 - handle_deallocations: 1.


Internal statistics:

num_allocs_failed_limit: 0.
num_arena_births: 100.
num_arena_deaths: 0.
num_vsnodes_births: 3.
num_vsnodes_deaths: 0.
num_space_committed: 196.
num_space_uncommitted: 0.
num_chunks_returned_to_freelist: 0.
num_chunks_taken_from_freelist: 150.
num_chunk_merges: 0.
num_chunk_splits: 84.
num_chunks_enlarged: 41.
num_purges: 0.
num_inconsistent_stats: 0.

CodeHeap 'non-profiled nmethods': size=120000Kb used=176Kb max_used=176Kb free=119823Kb
 bounds [0x0000018b1ae40000, 0x0000018b1b0b0000, 0x0000018b22370000]
CodeHeap 'profiled nmethods': size=120000Kb used=993Kb max_used=993Kb free=119006Kb
 bounds [0x0000018b13910000, 0x0000018b13b80000, 0x0000018b1ae40000]
CodeHeap 'non-nmethods': size=5760Kb used=1212Kb max_used=1223Kb free=4547Kb
 bounds [0x0000018b13370000, 0x0000018b135e0000, 0x0000018b13910000]
 total_blobs=1142 nmethods=622 adapters=433
 compilation: enabled
              stopped_count=0, restarted_count=0
 full_count=0

Compilation events (20 events):
Event: 0.756 Thread 0x0000018b2e8be390  613       3       java.security.AccessController::executePrivileged (65 bytes)
Event: 0.756 Thread 0x0000018b2e8be390 nmethod 613 0x0000018b13a01d90 code [0x0000018b13a01f60, 0x0000018b13a02258]
Event: 0.765 Thread 0x0000018b2e8be390  614       1       java.lang.Boolean::booleanValue (5 bytes)
Event: 0.765 Thread 0x0000018b2e8be390 nmethod 614 0x0000018b1ae6b610 code [0x0000018b1ae6b7a0, 0x0000018b1ae6b878]
Event: 0.772 Thread 0x0000018b2e8be390  615 %     3       sun.awt.image.PNGImageDecoder::filterRow @ 47 (460 bytes)
Event: 0.774 Thread 0x0000018b2e8be390 nmethod 615% 0x0000018b13a02390 code [0x0000018b13a02620, 0x0000018b13a036a8]
Event: 0.774 Thread 0x0000018b2e8be390  616 %     3       sun.awt.image.PNGImageDecoder::filterRow @ 79 (460 bytes)
Event: 0.775 Thread 0x0000018b2e8be390 nmethod 616% 0x0000018b13a03f10 code [0x0000018b13a041a0, 0x0000018b13a05248]
Event: 0.776 Thread 0x0000018b2e8be390  617       3       sun.awt.image.PNGImageDecoder::filterRow (460 bytes)
Event: 0.776 Thread 0x0000018b2e8be390 nmethod 617 0x0000018b13a05a90 code [0x0000018b13a05d20, 0x0000018b13a06b68]
Event: 0.778 Thread 0x0000018b2dfbdef0  618 %     4       sun.awt.image.PNGImageDecoder::filterRow @ 79 (460 bytes)
Event: 0.779 Thread 0x0000018b2e8be390  619   !   3       sun.awt.image.ImageDecoder::nextConsumer (69 bytes)
Event: 0.779 Thread 0x0000018b2e8be390 nmethod 619 0x0000018b13a07310 code [0x0000018b13a074e0, 0x0000018b13a07938]
Event: 0.779 Thread 0x0000018b2e8be390  620       1       sun.awt.image.ImageWatched$Link::newInfo (2 bytes)
Event: 0.779 Thread 0x0000018b2e8be390 nmethod 620 0x0000018b1ae6b910 code [0x0000018b1ae6baa0, 0x0000018b1ae6bb78]
Event: 0.782 Thread 0x0000018b2e8be390  621       3       java.lang.invoke.DirectMethodHandle::allocateInstance (16 bytes)
Event: 0.782 Thread 0x0000018b2e8be390 nmethod 621 0x0000018b13a07b10 code [0x0000018b13a07cc0, 0x0000018b13a07ee8]
Event: 0.782 Thread 0x0000018b2e8be390  623       3       java.lang.invoke.DirectMethodHandle::constructorMethod (10 bytes)
Event: 0.782 Thread 0x0000018b2e8be390 nmethod 623 0x0000018b13a08010 code [0x0000018b13a081a0, 0x0000018b13a08398]
Event: 0.784 Thread 0x0000018b2e8be390  624 % !   3       sun.awt.image.PNGImageDecoder::produceImage @ 960 (1917 bytes)

GC Heap History (0 events):
No events

Deoptimization events (4 events):
Event: 0.735 Thread 0x0000018b2eee1fd0 Uncommon trap: trap_request=0xffffff45 fr.pc=0x0000018b1ae66afc relative=0x00000000000003dc
Event: 0.735 Thread 0x0000018b2eee1fd0 Uncommon trap: reason=unstable_if action=reinterpret pc=0x0000018b1ae66afc method=java.lang.StringLatin1.newString([BII)Ljava/lang/String; @ 1 c2
Event: 0.735 Thread 0x0000018b2eee1fd0 DEOPT PACKING pc=0x0000018b1ae66afc sp=0x0000003cecdfea90
Event: 0.735 Thread 0x0000018b2eee1fd0 DEOPT UNPACKING pc=0x0000018b133c23a3 sp=0x0000003cecdfea70 mode 2

Classes unloaded (0 events):
No events

Classes redefined (0 events):
No events

Internal exceptions (11 events):
Event: 0.380 Thread 0x0000018b0fc9f510 Exception <a 'java/lang/ClassNotFoundException'{0x0000000711dc1a80}: sun/awt/resources/spi/awtProvider> (0x0000000711dc1a80) 
thrown [s\src\hotspot\share\classfile\systemDictionary.cpp, line 256]
Event: 0.455 Thread 0x0000018b0fc9f510 Exception <a 'java/io/FileNotFoundException'{0x0000000711a1c780}> (0x0000000711a1c780) 
thrown [s\src\hotspot\share\prims\jni.cpp, line 516]
Event: 0.469 Thread 0x0000018b0fc9f510 Exception <a 'java/io/FileNotFoundException'{0x0000000711a49930}> (0x0000000711a49930) 
thrown [s\src\hotspot\share\prims\jni.cpp, line 516]
Event: 0.527 Thread 0x0000018b0fc9f510 Exception <a 'java/lang/NoSuchMethodError'{0x0000000711a7ee88}: 'java.lang.Object java.lang.invoke.DirectMethodHandle$Holder.invokeStaticInit(java.lang.Object)'> (0x0000000711a7ee88) 
thrown [s\src\hotspot\share\interpreter\linkResolver.cpp, line 759]
Event: 0.590 Thread 0x0000018b2ee80160 Exception <a 'java/lang/NoSuchMethodError'{0x0000000711b87d98}: 'void java.lang.invoke.DirectMethodHandle$Holder.invokeSpecial(java.lang.Object, java.lang.Object, java.lang.Object)'> (0x0000000711b87d98) 
thrown [s\src\hotspot\share\interpreter\linkResolver.cpp, line 759]
Event: 0.600 Thread 0x0000018b2ee80160 Exception <a 'java/lang/NoSuchMethodError'{0x0000000711bb2080}: 'java.lang.Object java.lang.invoke.DirectMethodHandle$Holder.newInvokeSpecial(java.lang.Object, java.lang.Object, java.lang.Object, java.lang.Object, java.lang.Object)'> (0x0000000711bb2080) 
thrown [s\src\hotspot\share\interpreter\linkResolver.cpp, line 759]
Event: 0.602 Thread 0x0000018b2ee80160 Exception <a 'java/lang/NoSuchMethodError'{0x0000000711bbda48}: 'java.lang.Object java.lang.invoke.DirectMethodHandle$Holder.invokeStatic(java.lang.Object, int, java.lang.Object, java.lang.Object, java.lang.Object, java.lang.Object)'> (0x0000000711bbda48) 
thrown [s\src\hotspot\share\interpreter\linkResolver.cpp, line 759]
Event: 0.607 Thread 0x0000018b2ee80160 Exception <a 'java/lang/NoSuchMethodError'{0x0000000711be3208}: 'java.lang.Object java.lang.invoke.DirectMethodHandle$Holder.invokeStatic(java.lang.Object, int, java.lang.Object)'> (0x0000000711be3208) 
thrown [s\src\hotspot\share\interpreter\linkResolver.cpp, line 759]
Event: 0.640 Thread 0x0000018b2ee80160 Exception <a 'java/lang/ClassNotFoundException'{0x000000071189bb98}: com/sun/swing/internal/plaf/metal/resources/spi/metalProvider> (0x000000071189bb98) 
thrown [s\src\hotspot\share\classfile\systemDictionary.cpp, line 256]
Event: 0.641 Thread 0x0000018b2ee80160 Exception <a 'java/lang/ClassNotFoundException'{0x000000071189f9f0}: com/sun/swing/internal/plaf/basic/resources/spi/basicProvider> (0x000000071189f9f0) 
thrown [s\src\hotspot\share\classfile\systemDictionary.cpp, line 256]
Event: 0.740 Thread 0x0000018b2eee1fd0 Exception <a 'java/lang/NoSuchMethodError'{0x00000007116a1060}: 'java.lang.Object java.lang.invoke.DirectMethodHandle$Holder.newInvokeSpecial(java.lang.Object, java.lang.Object, java.lang.Object, int, int, int, int, int)'> (0x00000007116a1060) 
thrown [s\src\hotspot\share\interpreter\linkResolver.cpp, line 759]

VM Operations (2 events):
Event: 0.323 Executing VM operation: HandshakeAllThreads
Event: 0.323 Executing VM operation: HandshakeAllThreads done

Events (20 events):
Event: 0.744 loading class sun/awt/image/SunWritableRaster
Event: 0.744 loading class java/awt/image/WritableRaster
Event: 0.745 loading class java/awt/image/WritableRaster done
Event: 0.745 loading class sun/awt/image/SunWritableRaster done
Event: 0.746 loading class java/awt/image/SinglePixelPackedSampleModel
Event: 0.746 loading class java/awt/image/SampleModel
Event: 0.746 loading class java/awt/image/SampleModel done
Event: 0.746 loading class java/awt/image/SinglePixelPackedSampleModel done
Event: 0.747 loading class sun/awt/image/IntegerInterleavedRaster
Event: 0.748 loading class sun/awt/image/IntegerComponentRaster
Event: 0.748 loading class sun/awt/image/IntegerComponentRaster done
Event: 0.748 loading class sun/awt/image/IntegerInterleavedRaster done
Event: 0.751 loading class java/awt/image/BufferedImage
Event: 0.752 loading class java/awt/image/WritableRenderedImage
Event: 0.752 loading class java/awt/image/RenderedImage
Event: 0.752 loading class java/awt/image/RenderedImage done
Event: 0.752 loading class java/awt/image/WritableRenderedImage done
Event: 0.752 loading class java/awt/image/BufferedImage done
Event: 0.752 loading class java/awt/image/BufferedImage$1
Event: 0.752 loading class java/awt/image/BufferedImage$1 done


Dynamic libraries:
0x00007ff635e20000 - 0x00007ff635e2e000 	C:\Users\hp\.p2\pool\plugins\org.eclipse.justj.openjdk.hotspot.jre.full.win32.x86_64_17.0.4.v20221004-1257\jre\bin\javaw.exe
0x00007ffa1ea10000 - 0x00007ffa1ec08000 	C:\WINDOWS\SYSTEM32\ntdll.dll
0x00007ffa1d790000 - 0x00007ffa1d84f000 	C:\WINDOWS\System32\KERNEL32.DLL
0x00007ffa1c1b0000 - 0x00007ffa1c482000 	C:\WINDOWS\System32\KERNELBASE.dll
0x00007ffa1c610000 - 0x00007ffa1c710000 	C:\WINDOWS\System32\ucrtbase.dll
0x00007ffa17d50000 - 0x00007ffa17d68000 	C:\Users\hp\.p2\pool\plugins\org.eclipse.justj.openjdk.hotspot.jre.full.win32.x86_64_17.0.4.v20221004-1257\jre\bin\jli.dll
0x00007ffa1cd50000 - 0x00007ffa1cef1000 	C:\WINDOWS\System32\USER32.dll
0x00007ffa1c950000 - 0x00007ffa1c972000 	C:\WINDOWS\System32\win32u.dll
0x00007ffa1e8f0000 - 0x00007ffa1e91b000 	C:\WINDOWS\System32\GDI32.dll
0x00007ffa1c490000 - 0x00007ffa1c59f000 	C:\WINDOWS\System32\gdi32full.dll
0x00007ffa1c980000 - 0x00007ffa1ca1d000 	C:\WINDOWS\System32\msvcp_win.dll
0x00007ffa17d30000 - 0x00007ffa17d49000 	C:\Users\hp\.p2\pool\plugins\org.eclipse.justj.openjdk.hotspot.jre.full.win32.x86_64_17.0.4.v20221004-1257\jre\bin\VCRUNTIME140.dll
0x00007ffa0c7c0000 - 0x00007ffa0ca5a000 	C:\WINDOWS\WinSxS\amd64_microsoft.windows.common-controls_6595b64144ccf1df_6.0.19041.1110_none_60b5254171f9507e\COMCTL32.dll
0x00007ffa1d6f0000 - 0x00007ffa1d78e000 	C:\WINDOWS\System32\msvcrt.dll
0x00007ffa1e8b0000 - 0x00007ffa1e8e2000 	C:\WINDOWS\System32\IMM32.DLL
0x00007ffa17dd0000 - 0x00007ffa17ddc000 	C:\Users\hp\.p2\pool\plugins\org.eclipse.justj.openjdk.hotspot.jre.full.win32.x86_64_17.0.4.v20221004-1257\jre\bin\vcruntime140_1.dll
0x00007ffa10250000 - 0x00007ffa102e1000 	C:\Users\hp\.p2\pool\plugins\org.eclipse.justj.openjdk.hotspot.jre.full.win32.x86_64_17.0.4.v20221004-1257\jre\bin\msvcp140.dll
0x00007ff98f860000 - 0x00007ff9904a6000 	C:\Users\hp\.p2\pool\plugins\org.eclipse.justj.openjdk.hotspot.jre.full.win32.x86_64_17.0.4.v20221004-1257\jre\bin\server\jvm.dll
0x00007ffa1e390000 - 0x00007ffa1e43e000 	C:\WINDOWS\System32\ADVAPI32.dll
0x00007ffa1d8b0000 - 0x00007ffa1d94c000 	C:\WINDOWS\System32\sechost.dll
0x00007ffa1d950000 - 0x00007ffa1da75000 	C:\WINDOWS\System32\RPCRT4.dll
0x00007ffa1cca0000 - 0x00007ffa1cca8000 	C:\WINDOWS\System32\PSAPI.DLL
0x00007ffa03c50000 - 0x00007ffa03c59000 	C:\WINDOWS\SYSTEM32\WSOCK32.dll
0x00007ffa1db50000 - 0x00007ffa1dbbb000 	C:\WINDOWS\System32\WS2_32.dll
0x00007ffa0d560000 - 0x00007ffa0d587000 	C:\WINDOWS\SYSTEM32\WINMM.dll
0x00007ffa0be50000 - 0x00007ffa0be5a000 	C:\WINDOWS\SYSTEM32\VERSION.dll
0x00007ffa19ee0000 - 0x00007ffa19ef2000 	C:\WINDOWS\SYSTEM32\kernel.appcore.dll
0x00007ff9c6e90000 - 0x00007ff9c6e9a000 	C:\Users\hp\.p2\pool\plugins\org.eclipse.justj.openjdk.hotspot.jre.full.win32.x86_64_17.0.4.v20221004-1257\jre\bin\jimage.dll
0x00007ffa17070000 - 0x00007ffa17254000 	C:\WINDOWS\SYSTEM32\DBGHELP.DLL
0x00007ffa00530000 - 0x00007ffa00565000 	C:\WINDOWS\SYSTEM32\dbgcore.DLL
0x00007ffa1c710000 - 0x00007ffa1c792000 	C:\WINDOWS\System32\bcryptPrimitives.dll
0x00007ff990880000 - 0x00007ff9908a5000 	C:\Users\hp\.p2\pool\plugins\org.eclipse.justj.openjdk.hotspot.jre.full.win32.x86_64_17.0.4.v20221004-1257\jre\bin\java.dll
0x00007ff9c5ee0000 - 0x00007ff9c5ef8000 	C:\Users\hp\.p2\pool\plugins\org.eclipse.justj.openjdk.hotspot.jre.full.win32.x86_64_17.0.4.v20221004-1257\jre\bin\zip.dll
0x00007ffa1dbc0000 - 0x00007ffa1e304000 	C:\WINDOWS\System32\SHELL32.dll
0x00007ffa1a1c0000 - 0x00007ffa1a952000 	C:\WINDOWS\SYSTEM32\windows.storage.dll
0x00007ffa1d030000 - 0x00007ffa1d385000 	C:\WINDOWS\System32\combase.dll
0x00007ffa1bb60000 - 0x00007ffa1bb90000 	C:\WINDOWS\SYSTEM32\Wldp.dll
0x00007ffa1e920000 - 0x00007ffa1e9cd000 	C:\WINDOWS\System32\SHCORE.dll
0x00007ffa1d470000 - 0x00007ffa1d4c5000 	C:\WINDOWS\System32\shlwapi.dll
0x00007ffa1c040000 - 0x00007ffa1c05f000 	C:\WINDOWS\SYSTEM32\profapi.dll
0x00007ff990860000 - 0x00007ff990879000 	C:\Users\hp\.p2\pool\plugins\org.eclipse.justj.openjdk.hotspot.jre.full.win32.x86_64_17.0.4.v20221004-1257\jre\bin\net.dll
0x00007ffa10f30000 - 0x00007ffa1103c000 	C:\WINDOWS\SYSTEM32\WINHTTP.dll
0x00007ffa1b8c0000 - 0x00007ffa1b92a000 	C:\WINDOWS\system32\mswsock.dll
0x00007ff98f840000 - 0x00007ff98f855000 	C:\Users\hp\.p2\pool\plugins\org.eclipse.justj.openjdk.hotspot.jre.full.win32.x86_64_17.0.4.v20221004-1257\jre\bin\nio.dll
0x00007ff99eee0000 - 0x00007ff99f06e000 	C:\Users\hp\.p2\pool\plugins\org.eclipse.justj.openjdk.hotspot.jre.full.win32.x86_64_17.0.4.v20221004-1257\jre\bin\awt.dll
0x00007ffa1da80000 - 0x00007ffa1db4d000 	C:\WINDOWS\System32\OLEAUT32.dll
0x00007ffa19900000 - 0x00007ffa19991000 	C:\WINDOWS\SYSTEM32\apphelp.dll
0x00007ffa19aa0000 - 0x00007ffa19b3e000 	C:\WINDOWS\system32\uxtheme.dll
0x00007ffa1cb80000 - 0x00007ffa1cc95000 	C:\WINDOWS\System32\MSCTF.dll
0x00007ffa1cf00000 - 0x00007ffa1d02a000 	C:\WINDOWS\System32\ole32.dll
0x00007ffa19eb0000 - 0x00007ffa19edf000 	C:\WINDOWS\system32\DWMAPI.DLL
0x00007ff9f9d00000 - 0x00007ff9f9e25000 	C:\WINDOWS\system32\opengl32.dll
0x00007ff9f9cd0000 - 0x00007ff9f9cfc000 	C:\WINDOWS\SYSTEM32\GLU32.dll

dbghelp: loaded successfully - version: 4.0.5 - missing functions: none
symbol engine: initialized successfully - sym options: 0x614 - pdb path: .;C:\Users\hp\.p2\pool\plugins\org.eclipse.justj.openjdk.hotspot.jre.full.win32.x86_64_17.0.4.v20221004-1257\jre\bin;C:\WINDOWS\SYSTEM32;C:\WINDOWS\WinSxS\amd64_microsoft.windows.common-controls_6595b64144ccf1df_6.0.19041.1110_none_60b5254171f9507e;C:\Users\hp\.p2\pool\plugins\org.eclipse.justj.openjdk.hotspot.jre.full.win32.x86_64_17.0.4.v20221004-1257\jre\bin\server

VM Arguments:
jvm_args: -Dfile.encoding=UTF-8 -XX:+ShowCodeDetailsInExceptionMessages 
java_command: ReceptionCostumer
java_class_path (initial): D:\from_C\GI2-S1\JAVA\eclipse-workspace\Interfaces\Hotel\bin;C:\Users\hp\Documents\mysql-connector-j-8.0.31.jar;C:\Users\hp\Downloads\libJFreechart\hamcrest-core-1.3.jar;C:\Users\hp\Downloads\libJFreechart\jcommon-1.0.23.jar;C:\Users\hp\Downloads\libJFreechart\jfreechart-1.0.19.jar;C:\Users\hp\Downloads\libJFreechart\jfreechart-1.0.19-experimental.jar;C:\Users\hp\Downloads\libJFreechart\jfreechart-1.0.19-swt.jar;C:\Users\hp\Downloads\libJFreechart\jfreesvg-2.0.jar;C:\Users\hp\Downloads\libJFreechart\junit-4.11.jar;C:\Users\hp\Downloads\libJFreechart\orsoncharts-1.4-eval-nofx.jar;C:\Users\hp\Downloads\libJFreechart\orsonpdf-1.6-eval.jar;C:\Users\hp\Downloads\libJFreechart\servlet.jar;C:\Users\hp\Downloads\libJFreechart\swtgraphics2d.jar;C:\Users\hp\Documents\jdatepicker-1.3.4.jar
Launcher Type: SUN_STANDARD

[Global flags]
     intx CICompilerCount                          = 3                                         {product} {ergonomic}
     uint ConcGCThreads                            = 1                                         {product} {ergonomic}
     uint G1ConcRefinementThreads                  = 4                                         {product} {ergonomic}
   size_t G1HeapRegionSize                         = 2097152                                   {product} {ergonomic}
    uintx GCDrainStackTargetSize                   = 64                                        {product} {ergonomic}
   size_t InitialHeapSize                          = 268435456                                 {product} {ergonomic}
   size_t MarkStackSize                            = 4194304                                   {product} {ergonomic}
   size_t MaxHeapSize                              = 4263510016                                {product} {ergonomic}
   size_t MaxNewSize                               = 2556428288                                {product} {ergonomic}
   size_t MinHeapDeltaBytes                        = 2097152                                   {product} {ergonomic}
   size_t MinHeapSize                              = 8388608                                   {product} {ergonomic}
    uintx NonNMethodCodeHeapSize                   = 5832780                                {pd product} {ergonomic}
    uintx NonProfiledCodeHeapSize                  = 122912730                              {pd product} {ergonomic}
    uintx ProfiledCodeHeapSize                     = 122912730                              {pd product} {ergonomic}
    uintx ReservedCodeCacheSize                    = 251658240                              {pd product} {ergonomic}
     bool SegmentedCodeCache                       = true                                      {product} {ergonomic}
     bool ShowCodeDetailsInExceptionMessages       = true                                   {manageable} {command line}
   size_t SoftMaxHeapSize                          = 4263510016                             {manageable} {ergonomic}
     bool UseCompressedClassPointers               = true                           {product lp64_product} {ergonomic}
     bool UseCompressedOops                        = true                           {product lp64_product} {ergonomic}
     bool UseG1GC                                  = true                                      {product} {ergonomic}
     bool UseLargePagesIndividualAllocation        = false                                  {pd product} {ergonomic}

Logging:
Log output configuration:
 #0: stdout all=warning uptime,level,tags
 #1: stderr all=off uptime,level,tags

Environment Variables:
JAVA_HOME=C:\Program Files\Java\jdk-11.0.16
PATH=C:/Users/hp/.p2/pool/plugins/org.eclipse.justj.openjdk.hotspot.jre.full.win32.x86_64_17.0.4.v20221004-1257/jre/bin/server;C:/Users/hp/.p2/pool/plugins/org.eclipse.justj.openjdk.hotspot.jre.full.win32.x86_64_17.0.4.v20221004-1257/jre/bin;C:\app\hp\product\21c\dbhomeXE\bin;C:\Program Files (x86)\VMware\VMware Player\bin\;D:\ORACLE_DATABASE\dbhomeXE\bin;C:\Program Files\Common Files\Oracle\Java\javapath;C:\WINDOWS\system32;C:\WINDOWS;C:\WINDOWS\System32\Wbem;C:\WINDOWS\System32\WindowsPowerShell\v1.0\;C:\WINDOWS\System32\OpenSSH\;C:\Users\hp\Downloads\runtime\win64;C:\Users\hp\Downloads\bin;C:\Program Files\MATLAB\MATLAB Production Server\R2015a\runtime\win64;C:\Program Files\MATLAB\MATLAB Production Server\R2015a\bin;C:\Program Files\MATLAB\MATLAB Production Server\R2015a\polyspace\bin;C:\Users\hp\Downloads\polyspace\bin;C:\Program Files (x86)\dotnet\;C:\Program Files\PuTTY\;C:\Program Files\Git\cmd;C:\Program Files\Git\mingw64\bin;C:\Program Files\Git\usr\bin;C:\Program Files\Java\jdk-11.0.16\bin;D:\python;D:\python\Library\mingw-w64\bin;D:\python\Library\usr\bin;D:\python\Library\bin;D:\python\Scripts;C:\Users\hp\AppData\Local\Microsoft\WindowsApps;C:\Users\hp\AppData\Local\Programs\Microsoft VS Code\bin;D:\python;C:\xampp\php;C:\Users\hp\AppData\Local\ComposerSetup\bin;C:\Users\hp\AppData\Roaming\Composer\vendor\bin;C:\Program Files\Java\jdk-11.0.16\bin;;C:\WINDOWS\system32;
USERNAME=hp
OS=Windows_NT
PROCESSOR_IDENTIFIER=Intel64 Family 6 Model 61 Stepping 4, GenuineIntel
TMP=C:\Users\hp\AppData\Local\Temp
TEMP=C:\Users\hp\AppData\Local\Temp



---------------  S Y S T E M  ---------------

OS:
 Windows 10 , 64 bit Build 19041 (10.0.19041.2364)
OS uptime: 3 days 14:52 hours

CPU: total 4 (initial active 4) (2 cores per cpu, 2 threads per core) family 6 model 61 stepping 4 microcode 0x2d, cx8, cmov, fxsr, ht, mmx, 3dnowpref, sse, sse2, sse3, ssse3, sse4.1, sse4.2, popcnt, lzcnt, tsc, tscinvbit, avx, avx2, aes, erms, clmul, bmi1, bmi2, rtm, adx, fma, vzeroupper, clflush

Memory: 4k page, system-wide physical 16259M (3554M free)
TotalPageFile size 31520M (AvailPageFile size 3M)
current process WorkingSet (physical memory assigned to process): 56M, peak: 56M
current process commit charge ("private bytes"): 341M, peak: 341M

vm_info: OpenJDK 64-Bit Server VM (17.0.4.1+1) for windows-amd64 JRE (17.0.4.1+1), built on Aug 17 2022 07:42:43 by "temurin" with MS VC++ 16.7 (VS2019)

END.
